<?xml version="1.0" encoding="UTF-8"?>
<coverage generated="1779906411357" clover="3.2.0">
  <project timestamp="1779906411357" name="All files">
    <metrics statements="4" coveredstatements="4" conditionals="2" coveredconditionals="2" methods="2" coveredmethods="2" elements="8" coveredelements="8" complexity="0" loc="4" ncloc="4" packages="1" files="1" classes="1"/>
    <file name="calculadora.ts" path="C:\Users\Sasuk\DUOC\Tercer año 2026\FullStack-III\FocoCero\fococero-backend\ms-analitica\src\utils\calculadora.ts">
      <metrics statements="4" coveredstatements="4" conditionals="2" coveredconditionals="2" methods="2" coveredmethods="2"/>
      <line num="4" count="1" type="stmt"/>
      <line num="5" count="2" type="stmt"/>
      <line num="12" count="1" type="stmt"/>
      <line num="13" count="3" type="cond" truecount="2" falsecount="0"/>
    </file>
  </project>
</coverage>
